<?xml version="1.0" encoding="UTF-8"?>
<!-- Generated by org.testng.reporters.JUnitXMLReporter -->
<testsuite ignored="0" hostname="VAIO" failures="0" tests="4" name="Test" time="0.245" errors="0" timestamp="2021-10-19T10:20:15 IST">
  <testcase classname="organisationTest.NewOrgTest" name="TC_01" time="0.029"/>
  <testcase classname="organisationTest.NewOrgTest" name="TC_02" time="0.01"/>
  <testcase classname="opportunityTest.NewOppTest" name="TC_01" time="0.005"/>
  <testcase classname="opportunityTest.NewOppTest" name="TC_02" time="0.027"/>
</testsuite> <!-- Test -->
